app/build/intermediates/manifest_merge_blame_file/debug/manifest-merger-blame-debug-report.txt
1<?xml version="1.0" encoding="utf-8"?>
2<manifest xmlns:android="http://schemas.android.com/apk/res/android"
3    package="com.example.gabriela_matuszewska_sr_12_30_projekt2"
4    android:versionCode="1"
5    android:versionName="1.0" >
6
7    <uses-sdk
8        android:minSdkVersion="16"
8-->src/main/AndroidManifest.xml
9        android:targetSdkVersion="30" />
9-->src/main/AndroidManifest.xml
10
11    <uses-permission android:name="android.permission.INTERNET" />
11-->src/main/AndroidManifest.xml:6:5-67
11-->src/main/AndroidManifest.xml:6:22-64
12
13    <application
13-->src/main/AndroidManifest.xml:8:5-35:19
14        android:allowBackup="true"
14-->src/main/AndroidManifest.xml:9:9-35
15        android:appComponentFactory="androidx.core.app.CoreComponentFactory"
15-->[androidx.core:core:1.3.2] AndroidManifest.xml:24:18-86
16        android:debuggable="true"
17        android:icon="@mipmap/ic_launcher"
17-->src/main/AndroidManifest.xml:10:9-43
18        android:label="@string/app_name"
18-->src/main/AndroidManifest.xml:11:9-41
19        android:networkSecurityConfig="@xml/network_security_config"
19-->src/main/AndroidManifest.xml:12:9-69
20        android:roundIcon="@mipmap/ic_launcher_round"
20-->src/main/AndroidManifest.xml:13:9-54
21        android:supportsRtl="true"
21-->src/main/AndroidManifest.xml:14:9-35
22        android:testOnly="true"
23        android:theme="@style/Theme.Gabriela_Matuszewska_sr_12_30_projekt2" >
23-->src/main/AndroidManifest.xml:15:9-76
24        <activity
24-->src/main/AndroidManifest.xml:17:9-18:58
25            android:name="com.example.gabriela_matuszewska_sr_12_30_projekt2.CalculatorCurrencyActivity"
25-->src/main/AndroidManifest.xml:17:19-61
26            android:parentActivityName="com.example.gabriela_matuszewska_sr_12_30_projekt2.MenuActivity" />
26-->src/main/AndroidManifest.xml:18:13-55
27        <activity
27-->src/main/AndroidManifest.xml:19:9-21:58
28            android:name="com.example.gabriela_matuszewska_sr_12_30_projekt2.GoldActivity"
28-->src/main/AndroidManifest.xml:20:13-41
29            android:parentActivityName="com.example.gabriela_matuszewska_sr_12_30_projekt2.MenuActivity" />
29-->src/main/AndroidManifest.xml:21:13-55
30        <activity
30-->src/main/AndroidManifest.xml:22:9-24:62
31            android:name="com.example.gabriela_matuszewska_sr_12_30_projekt2.HistoricRatesActivity"
31-->src/main/AndroidManifest.xml:23:13-50
32            android:parentActivityName="com.example.gabriela_matuszewska_sr_12_30_projekt2.CurrencyActivity" />
32-->src/main/AndroidManifest.xml:24:13-59
33        <activity
33-->src/main/AndroidManifest.xml:25:9-27:58
34            android:name="com.example.gabriela_matuszewska_sr_12_30_projekt2.CurrencyActivity"
34-->src/main/AndroidManifest.xml:26:13-45
35            android:parentActivityName="com.example.gabriela_matuszewska_sr_12_30_projekt2.MenuActivity" />
35-->src/main/AndroidManifest.xml:27:13-55
36        <activity android:name="com.example.gabriela_matuszewska_sr_12_30_projekt2.MenuActivity" >
36-->src/main/AndroidManifest.xml:28:9-34:20
36-->src/main/AndroidManifest.xml:28:19-47
37            <intent-filter>
37-->src/main/AndroidManifest.xml:29:13-33:29
38                <action android:name="android.intent.action.MAIN" />
38-->src/main/AndroidManifest.xml:30:17-69
38-->src/main/AndroidManifest.xml:30:25-66
39
40                <category android:name="android.intent.category.LAUNCHER" />
40-->src/main/AndroidManifest.xml:32:17-77
40-->src/main/AndroidManifest.xml:32:27-74
41            </intent-filter>
42        </activity>
43    </application>
44
45</manifest>